<?xml version="1.0" encoding="UTF-8"?>
<!-- Generated by org.testng.reporters.JUnitReportReporter -->
<testsuite skipped="0" hostname="BOG07PRPFL03392" name="testcases.testCase1" tests="2" failures="0" timestamp="10 may 2019 15:10:52 GMT" time="0.007" errors="0">
  <testcase name="doUserregister" time="0.004" classname="testcases.testCase1"/>
  <testcase name="doLogin" time="0.003" classname="testcases.testCase1"/>
</testsuite> <!-- testcases.testCase1 -->
