<?xml version="1.0" encoding="UTF-8"?>
<!-- Generated by org.testng.reporters.JUnitReportReporter -->
<testsuite skipped="0" hostname="BOG07PRPFL03392" name="regression.testCase1" tests="2" failures="0" timestamp="09 may 2019 16:58:29 GMT" time="0.011" errors="0">
  <testcase name="doUserregister" time="0.007" classname="regression.testCase1"/>
  <testcase name="doLogin" time="0.004" classname="regression.testCase1"/>
</testsuite> <!-- regression.testCase1 -->
