<?xml version="1.0" encoding="UTF-8"?>
<!-- Generated by org.testng.reporters.JUnitReportReporter -->
<testsuite skipped="0" hostname="BOG07PRPFL03392" name="dataProvider.ParameterizationXml" tests="2" failures="0" timestamp="13 may 2019 23:44:20 GMT" time="0.012" errors="0">
  <testcase name="getBrowser" time="0.010" classname="dataProvider.ParameterizationXml"/>
  <testcase name="getBrowser" time="0.002" classname="dataProvider.ParameterizationXml"/>
</testsuite> <!-- dataProvider.ParameterizationXml -->
