<?xml version="1.0" encoding="UTF-8"?>
<!-- Generated by org.testng.reporters.JUnitReportReporter -->
<testsuite skipped="0" hostname="BOG07PRPFL03392" name="dataProvider.Parameterization" tests="3" failures="0" timestamp="13 may 2019 23:13:06 GMT" time="0.056" errors="0">
  <testcase name="toLogin" time="0.002" classname="dataProvider.Parameterization"/>
  <testcase name="toLogin" time="0.052" classname="dataProvider.Parameterization"/>
  <testcase name="toLogin" time="0.002" classname="dataProvider.Parameterization"/>
</testsuite> <!-- dataProvider.Parameterization -->
